<?xml version="1.0" encoding="UTF-8"?>
<testsuite name="com.invillia.incubadora.model.UserTest" tests="5" skipped="0" failures="0" errors="0" timestamp="2019-10-24T18:34:03" hostname="CI-40211-7" time="0.007">
  <properties/>
  <testcase name="whenCalledGetNameThenCorrect()" classname="com.invillia.incubadora.model.UserTest" time="0.001"/>
  <testcase name="whenCalledGetEmailThenCorrect()" classname="com.invillia.incubadora.model.UserTest" time="0.0"/>
  <testcase name="whenCalledSetNameThenCorrect()" classname="com.invillia.incubadora.model.UserTest" time="0.0"/>
  <testcase name="whenCalledtoStringThenCorrect()" classname="com.invillia.incubadora.model.UserTest" time="0.001"/>
  <testcase name="whenCalledSetEmailThenCorrect()" classname="com.invillia.incubadora.model.UserTest" time="0.002"/>
  <system-out><![CDATA[]]></system-out>
  <system-err><![CDATA[]]></system-err>
</testsuite>
