<?xml version="1.0" encoding="UTF-8"?>
<testsuite name="com.invillia.incubadora.controller.UserControllerTest" tests="7" skipped="0" failures="0" errors="0" timestamp="2019-10-24T18:34:03" hostname="CI-40211-7" time="0.151">
  <properties/>
  <testcase name="whenCalleddeleteUserThenIllegalArgumentException()" classname="com.invillia.incubadora.controller.UserControllerTest" time="0.019"/>
  <testcase name="whenCalledaddUserAndValidUserThenCorrect()" classname="com.invillia.incubadora.controller.UserControllerTest" time="0.115"/>
  <testcase name="whenCalledshowSignUpFormThenCorrect()" classname="com.invillia.incubadora.controller.UserControllerTest" time="0.001"/>
  <testcase name="whenCalledshowUpdateFormThenIllegalArgumentException()" classname="com.invillia.incubadora.controller.UserControllerTest" time="0.002"/>
  <testcase name="whenCalledupdateUserAndInValidUserThenCorrect()" classname="com.invillia.incubadora.controller.UserControllerTest" time="0.002"/>
  <testcase name="whenCalledupdateUserAndValidUserThenCorrect()" classname="com.invillia.incubadora.controller.UserControllerTest" time="0.004"/>
  <testcase name="whenCalledaddUserAndInValidUserThenCorrect()" classname="com.invillia.incubadora.controller.UserControllerTest" time="0.003"/>
  <system-out><![CDATA[]]></system-out>
  <system-err><![CDATA[]]></system-err>
</testsuite>
